2020-06-26 13:23:58.529  INFO 6968 --- [main] lavalink.server.Launcher                 : 

[32m       .  [31m _                  _ _       _    [32m__ _ _
[32m      /\\ [31m| | __ ___   ____ _| (_)_ __ | | __[32m\ \ \ \
[32m     ( ( )[31m| |/ _` \ \ / / _` | | | '_ \| |/ /[32m \ \ \ \
[32m      \\/ [31m| | (_| |\ V / (_| | | | | | |   < [32m  ) ) ) )
[32m       '  [31m|_|\__,_| \_/ \__,_|_|_|_| |_|_|\_\[32m / / / /
[0m    =========================================[32m/_/_/_/[0m

	Version:        3.3.1
	Build:          997
	Build time:     25.03.2020 12:30:43 UTC
	Branch          master
	Commit:         29f68ba
	Commit time:    25.03.2020 12:28:48 UTC
	JVM:            11.0.7
	Lavaplayer      1.3.38

2020-06-26 13:23:58.645  INFO 6968 --- [main] lavalink.server.Launcher                 : Starting Launcher on DESKTOP-R50RBRQ with PID 6968 (F:\code\djs\discord2020\Section 10\10-1\Lavalink.jar started by Alex in F:\code\djs\discord2020\Section 10\10-1)
2020-06-26 13:23:58.646  INFO 6968 --- [main] lavalink.server.Launcher                 : No active profile set, falling back to default profiles: default
2020-06-26 13:23:58.700  WARN 6968 --- [background-preinit] o.s.h.c.j.Jackson2ObjectMapperBuilder    : For Jackson Kotlin classes support please add "com.fasterxml.jackson.module:jackson-module-kotlin" to the classpath
2020-06-26 13:24:00.024  WARN 6968 --- [main] io.undertow.websockets.jsr               : UT026010: Buffer pool was not set on WebSocketDeploymentInfo, the default pool will be used
2020-06-26 13:24:00.050  INFO 6968 --- [main] io.undertow.servlet                      : Initializing Spring embedded WebApplicationContext
2020-06-26 13:24:00.051  INFO 6968 --- [main] o.s.web.context.ContextLoader            : Root WebApplicationContext: initialization completed in 1336 ms
2020-06-26 13:24:00.416  WARN 6968 --- [main] l.server.config.SentryConfiguration      : Turning off sentry
2020-06-26 13:24:00.429  INFO 6968 --- [main] l.s.c.AudioSendFactoryConfiguration      : OS: Windows 10, Arch: amd64
2020-06-26 13:24:00.430  INFO 6968 --- [main] l.s.c.AudioSendFactoryConfiguration      : JDA-NAS supported system detected. Enabled native audio sending.
2020-06-26 13:24:00.431  INFO 6968 --- [main] l.s.c.AudioSendFactoryConfiguration      : Setting buffer to 400ms
2020-06-26 13:24:00.432  INFO 6968 --- [main] l.s.c.AudioSendFactoryConfiguration      : Setting playlist load limit to 6
2020-06-26 13:24:00.759  INFO 6968 --- [main] c.s.d.l.tools.GarbageCollectionMonitor   : GC monitoring enabled, reporting results every 2 minutes.
2020-06-26 13:24:01.094  INFO 6968 --- [main] o.s.s.concurrent.ThreadPoolTaskExecutor  : Initializing ExecutorService 'applicationTaskExecutor'
2020-06-26 13:24:01.403  INFO 6968 --- [main] org.xnio                                 : XNIO version 3.3.8.Final
2020-06-26 13:24:01.413  INFO 6968 --- [main] org.xnio.nio                             : XNIO NIO Implementation Version 3.3.8.Final
2020-06-26 13:24:01.523  INFO 6968 --- [main] o.s.b.w.e.u.UndertowServletWebServer     : Undertow started on port(s) 8000 (http) with context path ''
2020-06-26 13:24:01.534  INFO 6968 --- [main] lavalink.server.Launcher                 : Started Launcher in 3.597 seconds (JVM running for 4.184)
2020-06-26 13:34:53.472  INFO 3232 --- [main] lavalink.server.Launcher                 : 

[32m       .  [31m _                  _ _       _    [32m__ _ _
[32m      /\\ [31m| | __ ___   ____ _| (_)_ __ | | __[32m\ \ \ \
[32m     ( ( )[31m| |/ _` \ \ / / _` | | | '_ \| |/ /[32m \ \ \ \
[32m      \\/ [31m| | (_| |\ V / (_| | | | | | |   < [32m  ) ) ) )
[32m       '  [31m|_|\__,_| \_/ \__,_|_|_|_| |_|_|\_\[32m / / / /
[0m    =========================================[32m/_/_/_/[0m

	Version:        3.3.1
	Build:          997
	Build time:     25.03.2020 12:30:43 UTC
	Branch          master
	Commit:         29f68ba
	Commit time:    25.03.2020 12:28:48 UTC
	JVM:            11.0.7
	Lavaplayer      1.3.38

2020-06-26 13:34:53.583  INFO 3232 --- [main] lavalink.server.Launcher                 : Starting Launcher on DESKTOP-R50RBRQ with PID 3232 (F:\code\djs\discord2020\Section 10\10-1\Lavalink.jar started by Alex in F:\code\djs\discord2020\Section 10\10-1)
2020-06-26 13:34:53.585  INFO 3232 --- [main] lavalink.server.Launcher                 : No active profile set, falling back to default profiles: default
2020-06-26 13:34:53.663  WARN 3232 --- [background-preinit] o.s.h.c.j.Jackson2ObjectMapperBuilder    : For Jackson Kotlin classes support please add "com.fasterxml.jackson.module:jackson-module-kotlin" to the classpath
2020-06-26 13:34:54.833  WARN 3232 --- [main] io.undertow.websockets.jsr               : UT026010: Buffer pool was not set on WebSocketDeploymentInfo, the default pool will be used
2020-06-26 13:34:54.861  INFO 3232 --- [main] io.undertow.servlet                      : Initializing Spring embedded WebApplicationContext
2020-06-26 13:34:54.862  INFO 3232 --- [main] o.s.web.context.ContextLoader            : Root WebApplicationContext: initialization completed in 1224 ms
2020-06-26 13:34:55.239  WARN 3232 --- [main] l.server.config.SentryConfiguration      : Turning off sentry
2020-06-26 13:34:55.251  INFO 3232 --- [main] l.s.c.AudioSendFactoryConfiguration      : OS: Windows 10, Arch: amd64
2020-06-26 13:34:55.256  INFO 3232 --- [main] l.s.c.AudioSendFactoryConfiguration      : JDA-NAS supported system detected. Enabled native audio sending.
2020-06-26 13:34:55.257  INFO 3232 --- [main] l.s.c.AudioSendFactoryConfiguration      : Setting buffer to 400ms
2020-06-26 13:34:55.257  INFO 3232 --- [main] l.s.c.AudioSendFactoryConfiguration      : Setting playlist load limit to 6
2020-06-26 13:34:55.542  INFO 3232 --- [main] c.s.d.l.tools.GarbageCollectionMonitor   : GC monitoring enabled, reporting results every 2 minutes.
2020-06-26 13:34:55.889  INFO 3232 --- [main] o.s.s.concurrent.ThreadPoolTaskExecutor  : Initializing ExecutorService 'applicationTaskExecutor'
2020-06-26 13:34:56.249  INFO 3232 --- [main] org.xnio                                 : XNIO version 3.3.8.Final
2020-06-26 13:34:56.260  INFO 3232 --- [main] org.xnio.nio                             : XNIO NIO Implementation Version 3.3.8.Final
2020-06-26 13:34:56.361  INFO 3232 --- [main] o.s.b.w.e.u.UndertowServletWebServer     : Undertow started on port(s) 8000 (http) with context path ''
2020-06-26 13:34:56.366  INFO 3232 --- [main] lavalink.server.Launcher                 : Started Launcher in 3.463 seconds (JVM running for 3.937)
2020-06-26 13:35:02.763  INFO 3232 --- [XNIO-1 task-1] io.undertow.servlet                      : Initializing Spring DispatcherServlet 'dispatcherServlet'
2020-06-26 13:35:02.764  INFO 3232 --- [XNIO-1 task-1] o.s.web.servlet.DispatcherServlet        : Initializing Servlet 'dispatcherServlet'
2020-06-26 13:35:02.772  INFO 3232 --- [XNIO-1 task-1] o.s.web.servlet.DispatcherServlet        : Completed initialization in 7 ms
2020-06-26 13:35:02.795  INFO 3232 --- [XNIO-1 task-1] l.server.io.HandshakeInterceptorImpl     : Incoming connection from /127.0.0.1:13960
2020-06-26 13:35:02.931  INFO 3232 --- [XNIO-1 task-1] lavalink.server.io.SocketServer          : Connection successfully established from /127.0.0.1:13960
2020-06-26 13:39:35.807  INFO 3232 --- [XNIO-1 I/O-1] lavalink.server.io.SocketServer          : Connection closed from /127.0.0.1:13960 -- CloseStatus[code=1006, reason=]
2020-06-26 13:39:35.807  INFO 3232 --- [XNIO-1 I/O-1] lavalink.server.io.SocketContext         : Shutting down 0 playing players.
2020-06-26 13:39:37.784  INFO 3232 --- [XNIO-1 task-2] l.server.io.HandshakeInterceptorImpl     : Incoming connection from /127.0.0.1:13979
2020-06-26 13:39:37.790  INFO 3232 --- [XNIO-1 task-2] lavalink.server.io.SocketServer          : Connection successfully established from /127.0.0.1:13979
2020-06-26 13:39:53.886  INFO 3232 --- [XNIO-1 I/O-4] lavalink.server.io.SocketServer          : Connection closed from /127.0.0.1:13979 -- CloseStatus[code=1006, reason=]
2020-06-26 13:39:53.889  INFO 3232 --- [XNIO-1 I/O-4] lavalink.server.io.SocketContext         : Shutting down 0 playing players.
