2020-06-28 13:42:54.096  INFO 2496 --- [main] lavalink.server.Launcher                 : 

[32m       .  [31m _                  _ _       _    [32m__ _ _
[32m      /\\ [31m| | __ ___   ____ _| (_)_ __ | | __[32m\ \ \ \
[32m     ( ( )[31m| |/ _` \ \ / / _` | | | '_ \| |/ /[32m \ \ \ \
[32m      \\/ [31m| | (_| |\ V / (_| | | | | | |   < [32m  ) ) ) )
[32m       '  [31m|_|\__,_| \_/ \__,_|_|_|_| |_|_|\_\[32m / / / /
[0m    =========================================[32m/_/_/_/[0m

	Version:        606fbf3ca475d39e15183fe91ab0149fa17d0fe9-SNAPSHOT
	Build:          1061
	Build time:     29.05.2020 10:23:19 UTC
	Branch          master
	Commit:         606fbf3
	Commit time:    29.05.2020 10:19:10 UTC
	JVM:            13
	Lavaplayer      1.3.49

2020-06-28 13:42:54.267  INFO 2496 --- [main] lavalink.server.Launcher                 : Starting Launcher on DESKTOP-R50RBRQ with PID 2496 (D:\Download\Record\Udemy\Djs\code\Lavalink.jar started by Alex in D:\Download\Record\Udemy\Djs\code)
2020-06-28 13:42:54.269  INFO 2496 --- [main] lavalink.server.Launcher                 : No active profile set, falling back to default profiles: default
2020-06-28 13:42:54.519  WARN 2496 --- [background-preinit] o.s.h.c.j.Jackson2ObjectMapperBuilder    : For Jackson Kotlin classes support please add "com.fasterxml.jackson.module:jackson-module-kotlin" to the classpath
2020-06-28 13:42:55.991  WARN 2496 --- [main] io.undertow.websockets.jsr               : UT026010: Buffer pool was not set on WebSocketDeploymentInfo, the default pool will be used
2020-06-28 13:42:56.025  INFO 2496 --- [main] io.undertow.servlet                      : Initializing Spring embedded WebApplicationContext
2020-06-28 13:42:56.026  INFO 2496 --- [main] o.s.web.context.ContextLoader            : Root WebApplicationContext: initialization completed in 1695 ms
2020-06-28 13:42:56.443  WARN 2496 --- [main] l.server.config.SentryConfiguration      : Turning off sentry
2020-06-28 13:42:56.454  INFO 2496 --- [main] l.s.c.AudioSendFactoryConfiguration      : OS: Windows 10, Arch: amd64
2020-06-28 13:42:56.461  INFO 2496 --- [main] l.s.c.AudioSendFactoryConfiguration      : JDA-NAS supported system detected. Enabled native audio sending.
2020-06-28 13:42:56.465  INFO 2496 --- [main] l.s.c.AudioSendFactoryConfiguration      : Setting buffer to 400ms
2020-06-28 13:42:56.466  INFO 2496 --- [main] l.s.c.AudioSendFactoryConfiguration      : Setting playlist load limit to 6
2020-06-28 13:42:56.864  INFO 2496 --- [main] c.s.d.l.tools.GarbageCollectionMonitor   : GC monitoring enabled, reporting results every 2 minutes.
2020-06-28 13:42:57.492  INFO 2496 --- [main] o.s.s.concurrent.ThreadPoolTaskExecutor  : Initializing ExecutorService 'applicationTaskExecutor'
2020-06-28 13:42:58.000  INFO 2496 --- [main] org.xnio                                 : XNIO version 3.3.8.Final
2020-06-28 13:42:58.021  INFO 2496 --- [main] org.xnio.nio                             : XNIO NIO Implementation Version 3.3.8.Final
2020-06-28 13:42:58.295  INFO 2496 --- [main] o.s.b.w.e.u.UndertowServletWebServer     : Undertow started on port(s) 8000 (http) with context path ''
2020-06-28 13:42:58.300  INFO 2496 --- [main] lavalink.server.Launcher                 : Started Launcher in 4.857 seconds (JVM running for 5.471)
2020-06-28 13:43:14.146  INFO 2496 --- [XNIO-1 task-1] io.undertow.servlet                      : Initializing Spring DispatcherServlet 'dispatcherServlet'
2020-06-28 13:43:14.165  INFO 2496 --- [XNIO-1 task-1] o.s.web.servlet.DispatcherServlet        : Initializing Servlet 'dispatcherServlet'
2020-06-28 13:43:14.193  INFO 2496 --- [XNIO-1 task-1] o.s.web.servlet.DispatcherServlet        : Completed initialization in 12 ms
2020-06-28 13:43:14.298  INFO 2496 --- [XNIO-1 task-1] l.server.io.HandshakeInterceptorImpl     : Incoming connection from /127.0.0.1:9176
2020-06-28 13:43:14.494  INFO 2496 --- [XNIO-1 task-1] lavalink.server.io.SocketServer          : Connection successfully established from /127.0.0.1:9176
2020-06-28 13:43:22.029  INFO 2496 --- [XNIO-1 task-2] l.server.player.AudioLoaderRestHandler   : GET /loadtracks
2020-06-28 13:43:22.302  INFO 2496 --- [XNIO-1 I/O-1] lavalink.server.io.SocketServer          : {"sessionId":"bd309d100c6c30b21f44fd93227b36fc","op":"voiceUpdate","guildId":"700323775471681557","event":{"token":"e5c63574bb2416b3","guild_id":"700323775471681557","endpoint":"eu-central983.discord.media:80"}}
2020-06-28 13:43:22.421  INFO 2496 --- [parallel-2] com.jcabi.manifests.Manifests            : 73 attributes loaded from 84 stream(s) in 67ms, 73 saved, 1240 ignored: ["Ant-Version", "Archiver-Version", "Automatic-Module-Name", "Bnd-LastModified", "Build-Jdk", "Build-Jdk-Spec", "Build-Time", "Built-By", "Bundle-ActivationPolicy", "Bundle-Activator", "Bundle-Category", "Bundle-Description", "Bundle-DocURL", "Bundle-License", "Bundle-ManifestVersion", "Bundle-Name", "Bundle-NativeCode", "Bundle-RequiredExecutionEnvironment", "Bundle-SymbolicName", "Bundle-Vendor", "Bundle-Version", "Copyright", "Created-By", "Export-Package", "Extension-Name", "Git-Revision", "Implementation-Build", "Implementation-Build-Date", "Implementation-Title", "Implementation-URL", "Implementation-Vendor", "Implementation-Vendor-Id", "Implementation-Version", "Import-Package", "Include-Resource", "JCabi-Build", "JCabi-Date", "JCabi-Version", "Jar-Name", "Jar-Version", "Java-Vendor", "Java-Version", "Kotlin-Runtime-Component", "Kotlin-Version", "Log4jReleaseKey", "Log4jReleaseManager", "Log4jReleaseVersion", "Magma-Version", "Main-Class", "Manifest-Version", "Multi-Release", "Originally-Created-By", "Os-Arch", "Os-Name", "Os-Version", "Private-Package", "Provide-Capability", "Require-Bundle", "Require-Capability", "Scm-Connection", "Scm-Revision", "Scm-Url", "Specification-Title", "Specification-Vendor", "Specification-Version", "Spring-Boot-Classes", "Spring-Boot-Lib", "Spring-Boot-Version", "Start-Class", "Tool", "X-Compile-Source-JDK", "X-Compile-Target-JDK", "url"]
2020-06-28 13:43:23.236  INFO 2496 --- [lava-daemon-pool-info-loader-2-thread-1] lavalink.server.player.AudioLoader       : Loaded playlist Search results for: linkin park
2020-06-28 13:43:49.957  INFO 2496 --- [XNIO-1 I/O-1] lavalink.server.io.SocketServer          : Connection closed from /127.0.0.1:9176 -- CloseStatus[code=1006, reason=]
2020-06-28 13:43:49.958  INFO 2496 --- [XNIO-1 I/O-1] lavalink.server.io.SocketContext         : Shutting down 0 playing players.
2020-06-28 13:45:15.321  INFO 2496 --- [XNIO-1 task-4] l.server.io.HandshakeInterceptorImpl     : Incoming connection from /127.0.0.1:9201
2020-06-28 13:45:15.329  INFO 2496 --- [XNIO-1 task-4] lavalink.server.io.SocketServer          : Connection successfully established from /127.0.0.1:9201
2020-06-28 13:45:20.997  INFO 2496 --- [XNIO-1 task-5] l.server.player.AudioLoaderRestHandler   : GET /loadtracks
2020-06-28 13:45:21.222  INFO 2496 --- [XNIO-1 I/O-2] lavalink.server.io.SocketServer          : {"sessionId":"0d0e4f1089b249e53528de3b2c93d120","op":"voiceUpdate","guildId":"700323775471681557","event":{"token":"b9d8fd21a88bd9cd","guild_id":"700323775471681557","endpoint":"eu-central983.discord.media:80"}}
2020-06-28 13:45:21.624  INFO 2496 --- [lava-daemon-pool-info-loader-2-thread-1] lavalink.server.player.AudioLoader       : Loaded playlist Search results for: linkin park
2020-06-28 13:45:41.373  INFO 2496 --- [XNIO-1 I/O-2] lavalink.server.io.SocketServer          : Connection closed from /127.0.0.1:9201 -- CloseStatus[code=1006, reason=]
2020-06-28 13:45:41.373  INFO 2496 --- [XNIO-1 I/O-2] lavalink.server.io.SocketContext         : Shutting down 0 playing players.
2020-06-28 13:45:43.114  INFO 2496 --- [XNIO-1 task-7] l.server.io.HandshakeInterceptorImpl     : Incoming connection from /127.0.0.1:9217
2020-06-28 13:45:43.122  INFO 2496 --- [XNIO-1 task-7] lavalink.server.io.SocketServer          : Connection successfully established from /127.0.0.1:9217
2020-06-28 13:45:47.754  INFO 2496 --- [XNIO-1 task-8] l.server.player.AudioLoaderRestHandler   : GET /loadtracks
2020-06-28 13:45:47.927  INFO 2496 --- [XNIO-1 I/O-2] lavalink.server.io.SocketServer          : {"sessionId":"418edb6e0f35c3deb3b1e5d61025b168","op":"voiceUpdate","guildId":"700323775471681557","event":{"token":"b9d8fd21a88bd9cd","guild_id":"700323775471681557","endpoint":"eu-central983.discord.media:80"}}
2020-06-28 13:45:48.356  INFO 2496 --- [lava-daemon-pool-info-loader-2-thread-1] lavalink.server.player.AudioLoader       : Loaded playlist Search results for: linkin park
2020-06-28 13:45:58.645  INFO 2496 --- [XNIO-1 I/O-2] lavalink.server.io.SocketServer          : Connection closed from /127.0.0.1:9217 -- CloseStatus[code=1006, reason=]
2020-06-28 13:45:58.645  INFO 2496 --- [XNIO-1 I/O-2] lavalink.server.io.SocketContext         : Shutting down 0 playing players.
2020-06-28 13:51:27.350  INFO 2496 --- [XNIO-1 task-10] l.server.io.HandshakeInterceptorImpl     : Incoming connection from /127.0.0.1:9277
2020-06-28 13:51:27.358  INFO 2496 --- [XNIO-1 task-10] lavalink.server.io.SocketServer          : Connection successfully established from /127.0.0.1:9277
2020-06-28 13:51:32.534  INFO 2496 --- [XNIO-1 task-11] l.server.player.AudioLoaderRestHandler   : GET /loadtracks
2020-06-28 13:51:32.830  INFO 2496 --- [XNIO-1 I/O-2] lavalink.server.io.SocketServer          : {"sessionId":"d0f13367a8ca26d68cebb16a8b2bfb19","op":"voiceUpdate","guildId":"700323775471681557","event":{"token":"950e9f6a80ae7669","guild_id":"700323775471681557","endpoint":"eu-central983.discord.media:80"}}
2020-06-28 13:51:33.199  INFO 2496 --- [lava-daemon-pool-info-loader-2-thread-1] lavalink.server.player.AudioLoader       : Loaded playlist Search results for: linkin park
2020-06-28 13:51:35.078  INFO 2496 --- [XNIO-1 I/O-2] lavalink.server.io.SocketServer          : {"op":"play","guildId":"700323775471681557","track":"QAAAiAIAI051bWIgKE9mZmljaWFsIFZpZGVvKSAtIExpbmtpbiBQYXJrAAtMaW5raW4gUGFyawAAAAAAAtp4AAtrWFlpVV9KQ1l0VQABACtodHRwczovL3d3dy55b3V0dWJlLmNvbS93YXRjaD92PWtYWWlVX0pDWXRVAAd5b3V0dWJlAAAAAAAAAAA=","volume":100}
2020-06-28 13:53:47.741  INFO 2496 --- [parallel-4] s.n.m.impl.connections.AudioWebSocket    : Websocket to wss://eu-central983.discord.media/?v=4 closed with code 4014 and reason Disconnected.
2020-06-28 13:53:47.743  INFO 2496 --- [parallel-4] s.n.m.impl.connections.AudioWebSocket    : Closing
2020-06-28 13:53:49.828  INFO 2496 --- [XNIO-1 I/O-2] lavalink.server.io.SocketServer          : Connection closed from /127.0.0.1:9277 -- CloseStatus[code=1006, reason=]
2020-06-28 13:53:49.829  INFO 2496 --- [XNIO-1 I/O-2] lavalink.server.io.SocketContext         : Shutting down 1 playing players.
2020-06-28 13:53:51.499  INFO 2496 --- [XNIO-1 task-13] l.server.io.HandshakeInterceptorImpl     : Incoming connection from /127.0.0.1:9306
2020-06-28 13:53:51.509  INFO 2496 --- [XNIO-1 task-13] lavalink.server.io.SocketServer          : Connection successfully established from /127.0.0.1:9306
2020-06-28 13:53:58.513  INFO 2496 --- [XNIO-1 task-14] l.server.player.AudioLoaderRestHandler   : GET /loadtracks
2020-06-28 13:53:58.714  INFO 2496 --- [XNIO-1 I/O-3] lavalink.server.io.SocketServer          : {"sessionId":"2de0cb652c885787953e0d5e53864b93","op":"voiceUpdate","guildId":"700323775471681557","event":{"token":"658829f7e91e0e14","guild_id":"700323775471681557","endpoint":"eu-central983.discord.media:80"}}
2020-06-28 13:53:59.040  INFO 2496 --- [lava-daemon-pool-info-loader-2-thread-1] lavalink.server.player.AudioLoader       : Loaded playlist Search results for: blinding lights
2020-06-28 13:54:02.263  INFO 2496 --- [XNIO-1 I/O-3] lavalink.server.io.SocketServer          : {"op":"play","guildId":"700323775471681557","track":"QAAAkQIALVRoZSBXZWVrbmQgLSBCbGluZGluZyBMaWdodHMgKE9mZmljaWFsIEF1ZGlvKQAKVGhlIFdlZWtuZAAAAAAAAxzgAAtmSEk4WDRPWGx1UQABACtodHRwczovL3d3dy55b3V0dWJlLmNvbS93YXRjaD92PWZISThYNE9YbHVRAAd5b3V0dWJlAAAAAAAAAAA=","volume":100}
2020-06-28 13:54:09.456  INFO 2496 --- [XNIO-1 task-16] l.server.player.AudioLoaderRestHandler   : GET /loadtracks
2020-06-28 13:54:10.033  INFO 2496 --- [lava-daemon-pool-info-loader-2-thread-1] lavalink.server.player.AudioLoader       : No matches found
2020-06-28 13:54:21.427  INFO 2496 --- [XNIO-1 task-18] l.server.player.AudioLoaderRestHandler   : GET /loadtracks
2020-06-28 13:54:22.047  INFO 2496 --- [lava-daemon-pool-info-loader-2-thread-1] lavalink.server.player.AudioLoader       : Loaded playlist Search results for: linkin park
2020-06-28 13:54:59.258  INFO 2496 --- [parallel-1] s.n.m.impl.connections.AudioWebSocket    : Websocket to wss://eu-central983.discord.media/?v=4 closed with code 4014 and reason Disconnected.
2020-06-28 13:54:59.259  INFO 2496 --- [parallel-1] s.n.m.impl.connections.AudioWebSocket    : Closing
2020-06-28 13:55:00.237  INFO 2496 --- [XNIO-1 I/O-3] lavalink.server.io.SocketServer          : Connection closed from /127.0.0.1:9306 -- CloseStatus[code=1006, reason=]
2020-06-28 13:55:00.238  INFO 2496 --- [XNIO-1 I/O-3] lavalink.server.io.SocketContext         : Shutting down 1 playing players.
2020-06-28 13:55:02.092  INFO 2496 --- [XNIO-1 task-20] l.server.io.HandshakeInterceptorImpl     : Incoming connection from /127.0.0.1:9330
2020-06-28 13:55:02.099  INFO 2496 --- [XNIO-1 task-20] lavalink.server.io.SocketServer          : Connection successfully established from /127.0.0.1:9330
2020-06-28 13:55:06.702  INFO 2496 --- [XNIO-1 task-21] l.server.player.AudioLoaderRestHandler   : GET /loadtracks
2020-06-28 13:55:06.905  INFO 2496 --- [XNIO-1 I/O-3] lavalink.server.io.SocketServer          : {"sessionId":"16c8c04c54630e415ee129b6122bf5e9","op":"voiceUpdate","guildId":"700323775471681557","event":{"token":"406583e1ad6eeeb0","guild_id":"700323775471681557","endpoint":"eu-central983.discord.media:80"}}
2020-06-28 13:55:07.408  INFO 2496 --- [lava-daemon-pool-info-loader-2-thread-1] lavalink.server.player.AudioLoader       : No matches found
2020-06-28 13:55:09.587  INFO 2496 --- [XNIO-1 task-23] l.server.player.AudioLoaderRestHandler   : GET /loadtracks
2020-06-28 13:55:10.156  INFO 2496 --- [lava-daemon-pool-info-loader-2-thread-1] lavalink.server.player.AudioLoader       : No matches found
2020-06-28 13:55:13.789  INFO 2496 --- [XNIO-1 task-25] l.server.player.AudioLoaderRestHandler   : GET /loadtracks
2020-06-28 13:55:14.369  INFO 2496 --- [lava-daemon-pool-info-loader-2-thread-1] lavalink.server.player.AudioLoader       : No matches found
2020-06-28 13:55:18.023  INFO 2496 --- [XNIO-1 task-27] l.server.player.AudioLoaderRestHandler   : GET /loadtracks
2020-06-28 13:55:18.635  INFO 2496 --- [lava-daemon-pool-info-loader-2-thread-1] lavalink.server.player.AudioLoader       : No matches found
2020-06-28 13:55:19.736  INFO 2496 --- [XNIO-1 task-29] l.server.player.AudioLoaderRestHandler   : GET /loadtracks
2020-06-28 13:55:20.496  INFO 2496 --- [lava-daemon-pool-info-loader-2-thread-1] lavalink.server.player.AudioLoader       : No matches found
2020-06-28 13:55:22.091  INFO 2496 --- [XNIO-1 I/O-3] lavalink.server.io.SocketServer          : Connection closed from /127.0.0.1:9330 -- CloseStatus[code=1006, reason=]
2020-06-28 13:55:22.092  INFO 2496 --- [XNIO-1 I/O-3] lavalink.server.io.SocketContext         : Shutting down 0 playing players.
2020-06-28 13:55:24.008  INFO 2496 --- [XNIO-1 task-31] l.server.io.HandshakeInterceptorImpl     : Incoming connection from /127.0.0.1:9347
2020-06-28 13:55:24.014  INFO 2496 --- [XNIO-1 task-31] lavalink.server.io.SocketServer          : Connection successfully established from /127.0.0.1:9347
2020-06-28 13:55:29.539  INFO 2496 --- [XNIO-1 task-32] l.server.player.AudioLoaderRestHandler   : GET /loadtracks
2020-06-28 13:55:29.746  INFO 2496 --- [XNIO-1 I/O-4] lavalink.server.io.SocketServer          : {"sessionId":"99f60cbcb0375851654d00cb66a63734","op":"voiceUpdate","guildId":"700323775471681557","event":{"token":"406583e1ad6eeeb0","guild_id":"700323775471681557","endpoint":"eu-central983.discord.media:80"}}
2020-06-28 13:55:30.148  INFO 2496 --- [lava-daemon-pool-info-loader-2-thread-1] lavalink.server.player.AudioLoader       : No matches found
2020-06-28 13:55:31.406  INFO 2496 --- [XNIO-1 task-2] l.server.player.AudioLoaderRestHandler   : GET /loadtracks
2020-06-28 13:55:31.962  INFO 2496 --- [lava-daemon-pool-info-loader-2-thread-1] lavalink.server.player.AudioLoader       : Loaded playlist Search results for: linkin park
2020-06-28 13:55:33.816  INFO 2496 --- [XNIO-1 I/O-4] lavalink.server.io.SocketServer          : {"op":"play","guildId":"700323775471681557","track":"QAAAiAIAI051bWIgKE9mZmljaWFsIFZpZGVvKSAtIExpbmtpbiBQYXJrAAtMaW5raW4gUGFyawAAAAAAAtp4AAtrWFlpVV9KQ1l0VQABACtodHRwczovL3d3dy55b3V0dWJlLmNvbS93YXRjaD92PWtYWWlVX0pDWXRVAAd5b3V0dWJlAAAAAAAAAAA=","volume":100}
2020-06-28 13:55:52.290  INFO 2496 --- [XNIO-1 task-4] l.server.player.AudioLoaderRestHandler   : GET /loadtracks
2020-06-28 13:55:53.020  INFO 2496 --- [lava-daemon-pool-info-loader-2-thread-1] lavalink.server.player.AudioLoader       : No matches found
2020-06-28 13:55:55.469  INFO 2496 --- [XNIO-1 task-6] l.server.player.AudioLoaderRestHandler   : GET /loadtracks
2020-06-28 13:55:55.999  INFO 2496 --- [lava-daemon-pool-info-loader-2-thread-1] lavalink.server.player.AudioLoader       : Loaded playlist Search results for: asking alexandria
2020-06-28 13:56:34.755  INFO 2496 --- [XNIO-1 I/O-4] lavalink.server.io.SocketServer          : Connection closed from /127.0.0.1:9347 -- CloseStatus[code=1006, reason=]
2020-06-28 13:56:34.758  INFO 2496 --- [XNIO-1 I/O-4] lavalink.server.io.SocketContext         : Shutting down 1 playing players.
